<?xml version="1.1" encoding="utf-8" standalone="yes" ?>

<Events>
<Event xmlns="http://schemas.microsoft.com/win/2004/08/events/event"><System><Provider Name="Microsoft-Windows-Security-Auditing" Guid="{54849625-5478-4994-a5ba-3e3b0328c30d}"></Provider>
<EventID Qualifiers="">4657</EventID>
<Version>0</Version>
<Level>0</Level>
<Task>13824</Task>
<Opcode>0</Opcode>
<Keywords>0x8020000000000000</Keywords>
<TimeCreated SystemTime="2020-10-13 13:16:17.344557"></TimeCreated>
<EventRecordID>182888</EventRecordID>
<Correlation ActivityID="{a18d2dbe-a108-0002-fb2d-8da108a1d601}" RelatedActivityID=""></Correlation>
<Execution ProcessID="696" ThreadID="1560"></Execution>
<Channel>Security</Channel>
<Computer>DESKTOP-KVKCI45</Computer>
<Security UserID=""></Security>
</System>
<EventData><Data Name="SubjectUserSid">S-1-5-21-1626412574-1108569772-691855374-1001</Data>
<Data Name="SubjectUserName">cleav</Data>
<Data Name="SubjectDomainName">DESKTOP-KVKCI45</Data>
<Data Name="SubjectLogonId">0x000000000082231b</Data>
<Data Name="TargetName">MicrosoftAccount:user=cleavengohyj@outlook.com</Data>
<Data Name="Type">0</Data>
<Data Name="CountOfCredentialsReturned">1</Data>
<Data Name="ReadOperation">%%8100</Data>
<Data Name="ReturnCode">0</Data>
<Data Name="ProcessCreationTime">2020-10-13 13:16:12.070911</Data>
<Data Name="ClientProcessId">9396</Data>
</EventData>
</Event>

<Event xmlns="http://schemas.microsoft.com/win/2004/08/events/event"><System><Provider Name="Microsoft-Windows-Security-Auditing" Guid="{54849625-5478-4994-a5ba-3e3b0328c30d}"></Provider>
<EventID Qualifiers="">4624</EventID>
<Version>0</Version>
<Level>0</Level>
<Task>13824</Task>
<Opcode>0</Opcode>
<Keywords>0x8020000000000000</Keywords>
<TimeCreated SystemTime="2020-10-13 13:16:17.345284"></TimeCreated>
<EventRecordID>182889</EventRecordID>
<Correlation ActivityID="{a18d2dbe-a108-0002-fb2d-8da108a1d601}" RelatedActivityID=""></Correlation>
<Execution ProcessID="696" ThreadID="1560"></Execution>
<Channel>Security</Channel>
<Computer>DESKTOP-KVKCI45</Computer>
<Security UserID=""></Security>
</System>
<EventData><Data Name="SubjectUserSid">S-1-5-21-1626412574-1108569772-691855374-1001</Data>
<Data Name="SubjectUserName">cleav</Data>
<Data Name="SubjectDomainName">DESKTOP-KVKCI45</Data>
<Data Name="SubjectLogonId">0x000000000082231b</Data>
<Data Name="TargetName">MicrosoftAccount:user=cleavengohyj@outlook.com</Data>
<Data Name="Type">0</Data>
<Data Name="CountOfCredentialsReturned">1</Data>
<Data Name="ReadOperation">%%8100</Data>
<Data Name="ReturnCode">0</Data>
<Data Name="ProcessCreationTime">2020-10-13 13:16:12.070911</Data>
<Data Name="ClientProcessId">9396</Data>
</EventData>
</Event>

<Event xmlns="http://schemas.microsoft.com/win/2004/08/events/event"><System><Provider Name="Microsoft-Windows-Security-Auditing" Guid="{54849625-5478-4994-a5ba-3e3b0328c30d}"></Provider>
<EventID Qualifiers="">4702</EventID>
<Version>0</Version>
<Level>0</Level>
<Task>13824</Task>
<Opcode>0</Opcode>
<Keywords>0x8020000000000000</Keywords>
<TimeCreated SystemTime="2020-10-13 13:16:17.345469"></TimeCreated>
<EventRecordID>182890</EventRecordID>
<Correlation ActivityID="{a18d2dbe-a108-0002-fb2d-8da108a1d601}" RelatedActivityID=""></Correlation>
<Execution ProcessID="696" ThreadID="1560"></Execution>
<Channel>Security</Channel>
<Computer>DESKTOP-KVKCI45</Computer>
<Security UserID=""></Security>
</System>
<EventData><Data Name="SubjectUserSid">S-1-5-21-1626412574-1108569772-691855374-1001</Data>
<Data Name="SubjectUserName">cleav</Data>
<Data Name="SubjectDomainName">DESKTOP-KVKCI45</Data>
<Data Name="SubjectLogonId">0x000000000082231b</Data>
<Data Name="TargetName">MicrosoftAccount:user=cleavengohyj@outlook.com</Data>
<Data Name="Type">0</Data>
<Data Name="CountOfCredentialsReturned">1</Data>
<Data Name="ReadOperation">%%8100</Data>
<Data Name="ReturnCode">0</Data>
<Data Name="ProcessCreationTime">2020-10-13 13:16:12.070911</Data>
<Data Name="ClientProcessId">9396</Data>
</EventData>
</Event>

<Event xmlns="http://schemas.microsoft.com/win/2004/08/events/event"><System><Provider Name="Microsoft-Windows-Security-Auditing" Guid="{54849625-5478-4994-a5ba-3e3b0328c30d}"></Provider>
<EventID Qualifiers="">4704</EventID>
<Version>0</Version>
<Level>0</Level>
<Task>13824</Task>
<Opcode>0</Opcode>
<Keywords>0x8020000000000000</Keywords>
<TimeCreated SystemTime="2020-10-13 13:16:17.345669"></TimeCreated>
<EventRecordID>182891</EventRecordID>
<Correlation ActivityID="{a18d2dbe-a108-0002-fb2d-8da108a1d601}" RelatedActivityID=""></Correlation>
<Execution ProcessID="696" ThreadID="1560"></Execution>
<Channel>Security</Channel>
<Computer>DESKTOP-KVKCI45</Computer>
<Security UserID=""></Security>
</System>
<EventData><Data Name="SubjectUserSid">S-1-5-21-1626412574-1108569772-691855374-1001</Data>
<Data Name="SubjectUserName">cleav</Data>
<Data Name="SubjectDomainName">DESKTOP-KVKCI45</Data>
<Data Name="SubjectLogonId">0x000000000082231b</Data>
<Data Name="TargetName">MicrosoftAccount:user=cleavengohyj@outlook.com</Data>
<Data Name="Type">0</Data>
<Data Name="CountOfCredentialsReturned">1</Data>
<Data Name="ReadOperation">%%8100</Data>
<Data Name="ReturnCode">0</Data>
<Data Name="ProcessCreationTime">2020-10-13 13:16:12.070911</Data>
<Data Name="ClientProcessId">9396</Data>
</EventData>
</Event>

<Event xmlns="http://schemas.microsoft.com/win/2004/08/events/event"><System><Provider Name="Microsoft-Windows-Security-Auditing" Guid="{54849625-5478-4994-a5ba-3e3b0328c30d}"></Provider>
<EventID Qualifiers="">2222</EventID>
<Version>0</Version>
<Level>0</Level>
<Task>13824</Task>
<Opcode>0</Opcode>
<Keywords>0x8020000000000000</Keywords>
<TimeCreated SystemTime="2020-10-13 13:16:17.345839"></TimeCreated>
<EventRecordID>182892</EventRecordID>
<Correlation ActivityID="{a18d2dbe-a108-0002-fb2d-8da108a1d601}" RelatedActivityID=""></Correlation>
<Execution ProcessID="696" ThreadID="1560"></Execution>
<Channel>Security</Channel>
<Computer>DESKTOP-KVKCI45</Computer>
<Security UserID=""></Security>
</System>
<EventData><Data Name="SubjectUserSid">S-1-5-21-1626412574-1108569772-691855374-1001</Data>
<Data Name="SubjectUserName">cleav</Data>
<Data Name="SubjectDomainName">DESKTOP-KVKCI45</Data>
<Data Name="SubjectLogonId">0x000000000082231b</Data>
<Data Name="TargetName">MicrosoftAccount:user=cleavengohyj@outlook.com</Data>
<Data Name="Type">0</Data>
<Data Name="CountOfCredentialsReturned">1</Data>
<Data Name="ReadOperation">%%8100</Data>
<Data Name="ReturnCode">0</Data>
<Data Name="ProcessCreationTime">2020-10-13 13:16:12.070911</Data>
<Data Name="ClientProcessId">9396</Data>
</EventData>
</Event>

<Event xmlns="http://schemas.microsoft.com/win/2004/08/events/event"><System><Provider Name="Microsoft-Windows-Security-Auditing" Guid="{54849625-5478-4994-a5ba-3e3b0328c30d}"></Provider>
<EventID Qualifiers="">2222</EventID>
<Version>0</Version>
<Level>0</Level>
<Task>13824</Task>
<Opcode>0</Opcode>
<Keywords>0x8020000000000000</Keywords>
<TimeCreated SystemTime="2020-10-13 13:16:17.346054"></TimeCreated>
<EventRecordID>182893</EventRecordID>
<Correlation ActivityID="{a18d2dbe-a108-0002-fb2d-8da108a1d601}" RelatedActivityID=""></Correlation>
<Execution ProcessID="696" ThreadID="1560"></Execution>
<Channel>Security</Channel>
<Computer>DESKTOP-KVKCI45</Computer>
<Security UserID=""></Security>
</System>
<EventData><Data Name="SubjectUserSid">S-1-5-21-1626412574-1108569772-691855374-1001</Data>
<Data Name="SubjectUserName">cleav</Data>
<Data Name="SubjectDomainName">DESKTOP-KVKCI45</Data>
<Data Name="SubjectLogonId">0x000000000082231b</Data>
<Data Name="TargetName">MicrosoftAccount:user=cleavengohyj@outlook.com</Data>
<Data Name="Type">0</Data>
<Data Name="CountOfCredentialsReturned">1</Data>
<Data Name="ReadOperation">%%8100</Data>
<Data Name="ReturnCode">0</Data>
<Data Name="ProcessCreationTime">2020-10-13 13:16:12.070911</Data>
<Data Name="ClientProcessId">9396</Data>
</EventData>
</Event>

<Event xmlns="http://schemas.microsoft.com/win/2004/08/events/event"><System><Provider Name="Microsoft-Windows-Security-Auditing" Guid="{54849625-5478-4994-a5ba-3e3b0328c30d}"></Provider>
<EventID Qualifiers="">2222</EventID>
<Version>0</Version>
<Level>0</Level>
<Task>13824</Task>
<Opcode>0</Opcode>
<Keywords>0x8020000000000000</Keywords>
<TimeCreated SystemTime="2020-10-13 13:16:17.346226"></TimeCreated>
<EventRecordID>182894</EventRecordID>
<Correlation ActivityID="{a18d2dbe-a108-0002-fb2d-8da108a1d601}" RelatedActivityID=""></Correlation>
<Execution ProcessID="696" ThreadID="1560"></Execution>
<Channel>Security</Channel>
<Computer>DESKTOP-KVKCI45</Computer>
<Security UserID=""></Security>
</System>
<EventData><Data Name="SubjectUserSid">S-1-5-21-1626412574-1108569772-691855374-1001</Data>
<Data Name="SubjectUserName">cleav</Data>
<Data Name="SubjectDomainName">DESKTOP-KVKCI45</Data>
<Data Name="SubjectLogonId">0x000000000082231b</Data>
<Data Name="TargetName">MicrosoftAccount:user=cleavengohyj@outlook.com</Data>
<Data Name="Type">0</Data>
<Data Name="CountOfCredentialsReturned">1</Data>
<Data Name="ReadOperation">%%8100</Data>
<Data Name="ReturnCode">0</Data>
<Data Name="ProcessCreationTime">2020-10-13 13:16:12.070911</Data>
<Data Name="ClientProcessId">9396</Data>
</EventData>
</Event>

<Event xmlns="http://schemas.microsoft.com/win/2004/08/events/event"><System><Provider Name="Microsoft-Windows-Security-Auditing" Guid="{54849625-5478-4994-a5ba-3e3b0328c30d}"></Provider>
<EventID Qualifiers="">7040</EventID>
<Version>0</Version>
<Level>0</Level>
<Task>13824</Task>
<Opcode>0</Opcode>
<Keywords>0x8020000000000000</Keywords>
<TimeCreated SystemTime="2020-10-13 13:16:17.346415"></TimeCreated>
<EventRecordID>182895</EventRecordID>
<Correlation ActivityID="{a18d2dbe-a108-0002-fb2d-8da108a1d601}" RelatedActivityID=""></Correlation>
<Execution ProcessID="696" ThreadID="1560"></Execution>
<Channel>Security</Channel>
<Computer>DESKTOP-KVKCI45</Computer>
<Security UserID=""></Security>
</System>
<EventData><Data Name="SubjectUserSid">S-1-5-21-1626412574-1108569772-691855374-1001</Data>
<Data Name="SubjectUserName">cleav</Data>
<Data Name="SubjectDomainName">DESKTOP-KVKCI45</Data>
<Data Name="SubjectLogonId">0x000000000082231b</Data>
<Data Name="TargetName">MicrosoftAccount:user=cleavengohyj@outlook.com</Data>
<Data Name="Type">0</Data>
<Data Name="CountOfCredentialsReturned">1</Data>
<Data Name="ReadOperation">%%8100</Data>
<Data Name="ReturnCode">0</Data>
<Data Name="ProcessCreationTime">2020-10-13 13:16:12.070911</Data>
<Data Name="ClientProcessId">9396</Data>
</EventData>
</Event>

<Event xmlns="http://schemas.microsoft.com/win/2004/08/events/event"><System><Provider Name="Microsoft-Windows-Security-Auditing" Guid="{54849625-5478-4994-a5ba-3e3b0328c30d}"></Provider>
<EventID Qualifiers="">7035</EventID>
<Version>0</Version>
<Level>0</Level>
<Task>13824</Task>
<Opcode>0</Opcode>
<Keywords>0x8020000000000000</Keywords>
<TimeCreated SystemTime="2020-10-13 13:16:17.346581"></TimeCreated>
<EventRecordID>182896</EventRecordID>
<Correlation ActivityID="{a18d2dbe-a108-0002-fb2d-8da108a1d601}" RelatedActivityID=""></Correlation>
<Execution ProcessID="696" ThreadID="1560"></Execution>
<Channel>Security</Channel>
<Computer>DESKTOP-KVKCI45</Computer>
<Security UserID=""></Security>
</System>
<EventData><Data Name="SubjectUserSid">S-1-5-21-1626412574-1108569772-691855374-1001</Data>
<Data Name="SubjectUserName">cleav</Data>
<Data Name="SubjectDomainName">DESKTOP-KVKCI45</Data>
<Data Name="SubjectLogonId">0x000000000082231b</Data>
<Data Name="TargetName">MicrosoftAccount:user=cleavengohyj@outlook.com</Data>
<Data Name="Type">0</Data>
<Data Name="CountOfCredentialsReturned">1</Data>
<Data Name="ReadOperation">%%8100</Data>
<Data Name="ReturnCode">0</Data>
<Data Name="ProcessCreationTime">2020-10-13 13:16:12.070911</Data>
<Data Name="ClientProcessId">9396</Data>
</EventData>
</Event>

<Event xmlns="http://schemas.microsoft.com/win/2004/08/events/event"><System><Provider Name="Microsoft-Windows-Security-Auditing" Guid="{54849625-5478-4994-a5ba-3e3b0328c30d}"></Provider>
<EventID Qualifiers="">4656</EventID>
<Version>0</Version>
<Level>0</Level>
<Task>13824</Task>
<Opcode>0</Opcode>
<Keywords>0x8020000000000000</Keywords>
<TimeCreated SystemTime="2020-10-13 13:16:17.346769"></TimeCreated>
<EventRecordID>182897</EventRecordID>
<Correlation ActivityID="{a18d2dbe-a108-0002-fb2d-8da108a1d601}" RelatedActivityID=""></Correlation>
<Execution ProcessID="696" ThreadID="1560"></Execution>
<Channel>Security</Channel>
<Computer>DESKTOP-KVKCI45</Computer>
<Security UserID=""></Security>
</System>
<EventData><Data Name="SubjectUserSid">S-1-5-21-1626412574-1108569772-691855374-1001</Data>
<Data Name="SubjectUserName">cleav</Data>
<Data Name="SubjectDomainName">DESKTOP-KVKCI45</Data>
<Data Name="SubjectLogonId">0x000000000082231b</Data>
<Data Name="TargetName">MicrosoftAccount:user=cleavengohyj@outlook.com</Data>
<Data Name="Type">0</Data>
<Data Name="CountOfCredentialsReturned">1</Data>
<Data Name="ReadOperation">%%8100</Data>
<Data Name="ReturnCode">0</Data>
<Data Name="ProcessCreationTime">2020-10-13 13:16:12.070911</Data>
<Data Name="ClientProcessId">9396</Data>
</EventData>
</Event>

<Event xmlns="http://schemas.microsoft.com/win/2004/08/events/event"><System><Provider Name="Microsoft-Windows-Security-Auditing" Guid="{54849625-5478-4994-a5ba-3e3b0328c30d}"></Provider>
<EventID Qualifiers="">2222</EventID>
<Version>0</Version>
<Level>0</Level>
<Task>13824</Task>
<Opcode>0</Opcode>
<Keywords>0x8020000000000000</Keywords>
<TimeCreated SystemTime="2020-10-13 13:16:17.346939"></TimeCreated>
<EventRecordID>182898</EventRecordID>
<Correlation ActivityID="{a18d2dbe-a108-0002-fb2d-8da108a1d601}" RelatedActivityID=""></Correlation>
<Execution ProcessID="696" ThreadID="1560"></Execution>
<Channel>Security</Channel>
<Computer>DESKTOP-KVKCI45</Computer>
<Security UserID=""></Security>
</System>
<EventData><Data Name="SubjectUserSid">S-1-5-21-1626412574-1108569772-691855374-1001</Data>
<Data Name="SubjectUserName">cleav</Data>
<Data Name="SubjectDomainName">DESKTOP-KVKCI45</Data>
<Data Name="SubjectLogonId">0x000000000082231b</Data>
<Data Name="TargetName">MicrosoftAccount:user=cleavengohyj@outlook.com</Data>
<Data Name="Type">0</Data>
<Data Name="CountOfCredentialsReturned">1</Data>
<Data Name="ReadOperation">%%8100</Data>
<Data Name="ReturnCode">0</Data>
<Data Name="ProcessCreationTime">2020-10-13 13:16:12.070911</Data>
<Data Name="ClientProcessId">9396</Data>
</EventData>
</Event>
</Events>